[2015.10.08-21.08.40:756][  0]Log file open, 10/08/15 17:08:40
[2015.10.08-21.08.40:756][  0]LogInit:Display: Running engine for game: Toe
[2015.10.08-21.08.40:756][  0]LogInit:Display: RandInit(-1981825543) SRandInit(-1981825543).
[2015.10.08-21.08.40:756][  0]LogTaskGraph: Started task graph with 4 named threads and 7 total threads.
[2015.10.08-21.08.40:756][  0]LogStats: Stats thread started at 0.454760
[2015.10.08-21.08.40:756][  0]LogInit: Version: 4.9.2-2707645+++depot+UE4-Releases+4.9
[2015.10.08-21.08.40:756][  0]LogInit: API Version: 2672455
[2015.10.08-21.08.40:756][  0]LogInit: Compiled (64-bit): Sep 28 2015 10:25:44
[2015.10.08-21.08.40:756][  0]LogInit: Compiled with Visual C++: 18.00.21005.01
[2015.10.08-21.08.40:756][  0]LogInit: Build Configuration: Development
[2015.10.08-21.08.40:756][  0]LogInit: Branch Name: ++depot+UE4-Releases+4.9
[2015.10.08-21.08.40:756][  0]LogInit: Command line: 
[2015.10.08-21.08.40:756][  0]LogInit: Base directory: C:/Program Files/Epic Games/4.9/Engine/Binaries/Win64/
[2015.10.08-21.08.40:756][  0]LogInit: Rocket: 1
[2015.10.08-21.08.40:869][  0]LogInit: Using libcurl 7.41.0
[2015.10.08-21.08.40:869][  0]LogInit:  - built for x86_64-pc-win32
[2015.10.08-21.08.40:869][  0]LogInit:  - supports SSL with WinSSL
[2015.10.08-21.08.40:869][  0]LogInit:  - other features:
[2015.10.08-21.08.40:869][  0]LogInit:      CURL_VERSION_SSL
[2015.10.08-21.08.40:869][  0]LogInit:      CURL_VERSION_IPV6
[2015.10.08-21.08.40:870][  0]LogInit:      CURL_VERSION_ASYNCHDNS
[2015.10.08-21.08.40:870][  0]LogInit:      CURL_VERSION_LARGEFILE
[2015.10.08-21.08.40:870][  0]LogInit:      CURL_VERSION_IDN
[2015.10.08-21.08.40:870][  0]LogInit:  CurlRequestOptions (configurable via config and command line):
[2015.10.08-21.08.40:870][  0]LogInit:  - bVerifyPeer = true  - Libcurl will verify peer certificate
[2015.10.08-21.08.40:870][  0]LogInit:  - bUseHttpProxy = false  - Libcurl will NOT use HTTP proxy
[2015.10.08-21.08.40:870][  0]LogInit:  - bDontReuseConnections = false  - Libcurl will reuse connections
[2015.10.08-21.08.40:870][  0]LogInit:  - CertBundlePath = nullptr  - Libcurl will use whatever was configured at build time.
[2015.10.08-21.08.41:006][  0]LogInit: Presizing for 0 objects not considered by GC, pre-allocating 0 bytes.
[2015.10.08-21.08.41:027][  0]LogInit: Object subsystem initialized
[2015.10.08-21.08.41:038][  0]LogInit: Selected Device Profile: [Windows]
[2015.10.08-21.08.41:038][  0]LogInit: Applying CVar settings loaded from the selected device profile: [Windows]
[2015.10.08-21.08.41:077][  0]LogInit: Computer: DESKTOP-1K4CAMJ
[2015.10.08-21.08.41:077][  0]LogInit: User: RonThomas
[2015.10.08-21.08.41:077][  0]LogInit: CPU Page size=4096, Cores=4
[2015.10.08-21.08.41:077][  0]LogInit: High frequency timer resolution =2.046951 MHz
[2015.10.08-21.08.41:077][  0]LogMemory: Memory total: Physical=7.2GB (8GB approx)
[2015.10.08-21.08.41:077][  0]LogMemory: Platform Memory Stats for Windows
[2015.10.08-21.08.41:077][  0]LogMemory: Process Physical Memory: 53.64 MB used, 53.64 MB peak
[2015.10.08-21.08.41:077][  0]LogMemory: Process Virtual Memory: 55.23 MB used, 55.23 MB peak
[2015.10.08-21.08.41:078][  0]LogMemory: Physical Memory: 3908.41 MB used, 7364.69 MB total
[2015.10.08-21.08.41:078][  0]LogMemory: Virtual Memory: 365.00 MB used, 134217728.00 MB total
[2015.10.08-21.08.41:885][  0]LogTextLocalizationManager: No specific translations for ('en-US') exist, so ('en') translations will be used.
[2015.10.08-21.08.44:780][  0]LogD3D11RHI: Found D3D11 adapter 0: AMD Radeon(TM) HD 8610G (Feature Level 11_0)
[2015.10.08-21.08.44:780][  0]LogD3D11RHI: Adapter has 750MB of dedicated video memory, 0MB of dedicated system memory, and 3456MB of shared system memory, 1 output[s]
[2015.10.08-21.08.44:785][  0]LogD3D11RHI: Found D3D11 adapter 1: Microsoft Basic Render Driver (Feature Level 11_0)
[2015.10.08-21.08.44:785][  0]LogD3D11RHI: Adapter has 0MB of dedicated video memory, 0MB of dedicated system memory, and 3682MB of shared system memory, 0 output[s]
[2015.10.08-21.08.44:785][  0]LogD3D11RHI: Chosen D3D11 Adapter Id = 0
[2015.10.08-21.08.44:801][  0]LogD3D11RHI: !Direct3DDevice
[2015.10.08-21.08.44:801][  0]LogRHI: Texture pool is 525 MB (70% of 750 MB)
[2015.10.08-21.08.44:818][  0]LogD3D11RHI: Async texture creation disabled: no driver support
[2015.10.08-21.08.44:837][  0]LogShaderCompilers: Guid format shader working directory is 14 characters bigger than the processId version (../../../../../../Users/RonThomas/Documents/Unreal Projects/Toe/Intermediate/Shaders/WorkingDirectory/16320/).
[2015.10.08-21.08.44:837][  0]LogShaderCompilers: Cleaned the shader compiler working directory '../../../../../../Users/RonThomas/Documents/Unreal Projects/Toe/Intermediate/Shaders/tmp/37F63A854D9DA9E55589D7AA9B0D1246/'.
[2015.10.08-21.08.44:837][  0]LogShaderCompilers:Display: Using Local Shader Compiler.
[2015.10.08-21.08.53:907][  0]LogTemp:Display: Loaded TP AllDesktopTargetPlatform
[2015.10.08-21.08.53:949][  0]LogTemp:Display: Loaded TP WindowsClientTargetPlatform
[2015.10.08-21.08.53:986][  0]LogTemp:Display: Loaded TP WindowsNoEditorTargetPlatform
[2015.10.08-21.08.54:020][  0]LogTemp:Display: Loaded TP WindowsServerTargetPlatform
[2015.10.08-21.08.54:050][  0]LogTemp:Display: Loaded TP WindowsTargetPlatform
[2015.10.08-21.08.54:085][  0]LogTemp:Display: Loaded TP AndroidTargetPlatform
[2015.10.08-21.08.54:109][  0]LogTemp:Display: Loaded TP Android_ASTCTargetPlatform
[2015.10.08-21.08.54:141][  0]LogTemp:Display: Loaded TP Android_ATCTargetPlatform
[2015.10.08-21.08.54:168][  0]LogTemp:Display: Loaded TP Android_DXTTargetPlatform
[2015.10.08-21.08.54:193][  0]LogTemp:Display: Loaded TP Android_ETC1TargetPlatform
[2015.10.08-21.08.54:217][  0]LogTemp:Display: Loaded TP Android_ETC2TargetPlatform
[2015.10.08-21.08.54:237][  0]LogTemp:Display: Loaded TP Android_PVRTCTargetPlatform
[2015.10.08-21.08.54:240][  0]LogTemp:Display: Loaded TP HTML5TargetPlatform
[2015.10.08-21.08.54:461][  0]LogTemp:Display: Loaded TP IOSTargetPlatform
[2015.10.08-21.08.54:483][  0]LogTemp:Display: Loaded TP LinuxNoEditorTargetPlatform
[2015.10.08-21.08.54:504][  0]LogTemp:Display: Loaded TP LinuxServerTargetPlatform
[2015.10.08-21.08.54:541][  0]LogTemp:Display: Loaded TP LinuxTargetPlatform
[2015.10.08-21.08.54:541][  0]LogTargetPlatformManager:Display: Building Assets For Windows
[2015.10.08-21.08.56:401][  0]LogDerivedDataCache:Display: Max Cache Size: 512 MB
[2015.10.08-21.08.56:687][  0]LogDerivedDataCache: Loaded boot cache 0.29s 41MB C:/Users/RonThomas/AppData/Local/UnrealEngine/4.9/DerivedDataCache/Boot.ddc.
[2015.10.08-21.08.56:687][  0]LogDerivedDataCache:Display: Loaded Boot cache: C:/Users/RonThomas/AppData/Local/UnrealEngine/4.9/DerivedDataCache/Boot.ddc
[2015.10.08-21.08.56:688][  0]LogDerivedDataCache: FDerivedDataBackendGraph:  Pak pak cache file ../../../../../../Users/RonThomas/Documents/Unreal Projects/Toe/DerivedDataCache/DDC.ddp not found, will not use a pak cache.
[2015.10.08-21.08.56:688][  0]LogDerivedDataCache: Unable to find inner node Pak for hierarchical cache Hierarchy.
[2015.10.08-21.08.56:688][  0]LogDerivedDataCache: FDerivedDataBackendGraph:  CompressedPak pak cache file ../../../../../../Users/RonThomas/Documents/Unreal Projects/Toe/DerivedDataCache/Compressed.ddp not found, will not use a pak cache.
[2015.10.08-21.08.56:688][  0]LogDerivedDataCache: Unable to find inner node CompressedPak for hierarchical cache Hierarchy.
[2015.10.08-21.08.57:853][  0]LogDerivedDataCache:Display: Pak cache opened for reading ../../../Engine/DerivedDataCache/Compressed.ddp.
[2015.10.08-21.08.57:869][  0]LogDerivedDataCache: Using Local data cache path C:/Users/RonThomas/AppData/Local/UnrealEngine/Common/DerivedDataCache: Writable
[2015.10.08-21.09.11:860][  0]LogInit: Selected Device Profile: [Windows]
[2015.10.08-21.09.11:875][  0]LogContentStreaming: Texture pool size is 0.000000MB
[2015.10.08-21.09.12:554][  0]LogMeshUtilities: No automatic mesh reduction module available
[2015.10.08-21.09.12:554][  0]LogMeshUtilities: No automatic mesh merging module available
[2015.10.08-21.09.14:243][  0]LogInit: WinSock: version 1.1 (2.2), MaxSocks=32767, MaxUdp=65467
[2015.10.08-21.09.19:015][  0]UdpMessaging: Initializing bridge on interface 0.0.0.0:0 to multicast group 230.0.0.1:6666.
[2015.10.08-21.09.19:246][  0]LogAssetRegistry: FAssetRegistry took 0.0116 seconds to start up
[2015.10.08-21.09.20:128][  0]SourceControl: Info Source control is disabled
[2015.10.08-21.09.21:369][  0]LogLinker:Warning: Asset '../../../Engine/Plugins/Runtime/LeapMotionController/Content/LM_PassthroughMaterial.uasset' has been saved with empty engine version. The asset will be loaded but may be incompatible.
[2015.10.08-21.09.21:800][  0]LogObj: 28361 objects as part of root set at end of initial load.
[2015.10.08-21.09.21:800][  0]LogUObjectAllocator: 6038864 out of 0 bytes used by permanent object pool.
[2015.10.08-21.09.22:045][  0]LogEngine: Initializing Engine...
[2015.10.08-21.09.22:056][  0]LogHMD: Can't find Oculus library dev build: is proper Runtime installed? Version: 0.7.0.0
[2015.10.08-21.09.22:082][  0]LogHMD: SteamVR failed to initialize.  Err: 110
[2015.10.08-21.09.22:813][  0]LogAIModule: Creating AISystem for world NewWorld
[2015.10.08-21.09.22:824][  0]LogInit: XAudio2 using 'Speaker/HP (Realtek High Definition Audio)' : 2 channels at 48 kHz using 32 bits per sample (channel mask 0x3)
[2015.10.08-21.09.23:076][  0]LogInit: FAudioDevice initialized.
[2015.10.08-21.09.23:160][  0]LogDerivedDataCache: Saved boot cache 0.08s 41MB C:/Users/RonThomas/AppData/Local/UnrealEngine/4.9/DerivedDataCache/Boot.ddc.
[2015.10.08-21.09.23:185][  0]LogInit: Texture streaming: Enabled
[2015.10.08-21.09.23:211][  0]LogAnalytics: Creating configured Analytics provider AnalyticsET
[2015.10.08-21.09.23:211][  0]LogAnalytics: [UEEditor.Rocket.Release] APIServer = http://et2.epicgames.com/ET2/. AppVersion = 4.9.2-2707645+++depot+UE4-Releases+4.9
[2015.10.08-21.09.23:212][  0]LogAnalytics: [UEEditor.Rocket.Release] SetUserId a96f2b3043d68c490b6e1ab24f8670c7|ccacbc3dbf8c49408cc1f0d5fe741570|7fd7e3ec-a435-42e9-8c73-ddfdefdc7c42
[2015.10.08-21.09.23:212][  0]LogAnalytics: [UEEditor.Rocket.Release] AnalyticsET::StartSession
[2015.10.08-21.09.23:409][  0]LogInit: Transaction tracking system initialized
[2015.10.08-21.09.23:517][  0]BlueprintLog: New page: Editor Load
[2015.10.08-21.09.23:880][  0]LocalizationService: Info Localization service is disabled
[2015.10.08-21.09.24:155][  0]LogConsoleResponse:Display: 
[2015.10.08-21.09.25:236][  0]LogCook:Display: Done creating registry. It took  0.00s.
[2015.10.08-21.09.25:663][  0]LogFileCache: Scanning file cache for directory 'C:/Users/RonThomas/Documents/Unreal Projects/Toe/Content/' took 0.05s
[2015.10.08-21.09.26:023][  0]Cmd: MAP LOAD FILE="../../../../../../Users/RonThomas/Documents/Unreal Projects/Toe/Content/StarterContent/Maps/Minimal_Default.umap" TEMPLATE=0 SHOWPROGRESS=1 FEATURELEVEL=3
[2015.10.08-21.09.26:127][  0]LightingResults: New page: Lighting Build
[2015.10.08-21.09.26:156][  0]MapCheck: New page: Map Check
[2015.10.08-21.09.26:156][  0]LightingResults: New page: Lighting Build
[2015.10.08-21.09.26:187][  0]LogParticles: Destroying 0 GPU particle simulations for FXSystem 0x000000E02DC1A160
[2015.10.08-21.09.28:214][  0]LogAIModule: Creating AISystem for world Minimal_Default
[2015.10.08-21.09.28:247][  0]LogEditorServer: Finished looking for orphan Actors (0.000 secs)
[2015.10.08-21.09.28:249][  0]Cmd: MAP CHECKDEP NOCLEARLOG
[2015.10.08-21.09.28:441][  0]MapCheck: Info Map check complete: 0 Error(s), 0 Warning(s), took 191.583ms to complete.
[2015.10.08-21.09.28:441][  0]LogFileHelpers: Loading map 'Minimal_Default' took 2.417
[2015.10.08-21.09.28:813][  0]LogCollectionManager: Loaded 0 collections in 0.006314 seconds
[2015.10.08-21.09.28:925][  0]LogFileCache: Scanning file cache for directory 'C:/Users/RonThomas/Documents/Unreal Projects/Toe/Saved/Collections/' took 0.02s
[2015.10.08-21.09.28:925][  0]LogFileCache: Scanning file cache for directory 'C:/Users/RonThomas/Documents/Unreal Projects/Toe/Content/Developers/RonThomas/Collections/' took 0.03s
[2015.10.08-21.09.28:925][  0]LogFileCache: Scanning file cache for directory 'C:/Users/RonThomas/Documents/Unreal Projects/Toe/Content/Collections/' took 0.02s
[2015.10.08-21.09.28:925][  0]LogContentBrowser: Native class hierarchy populated in 0.0305 seconds. Added 1867 classes and 333 folders.
[2015.10.08-21.09.28:944][  0]LogCollectionManager: Rebuilt the GUID cache for 0 collections in 0.000007 seconds
[2015.10.08-21.09.28:990][  0]LogContentBrowser: Native class hierarchy updated for 'WidgetCarousel' in 0.0008 seconds. Added 0 classes and 0 folders.
[2015.10.08-21.09.31:051][  0]LogContentBrowser: Native class hierarchy updated for 'AddContentDialog' in 0.0014 seconds. Added 0 classes and 0 folders.
[2015.10.08-21.09.31:065][  0]LogContentBrowser: Native class hierarchy updated for 'SceneOutliner' in 0.0008 seconds. Added 1 classes and 2 folders.
[2015.10.08-21.09.31:182][  0]LogCrashTracker: Crashtracker disabled due to settings.
[2015.10.08-21.09.31:219][  0]LogUObjectGlobals:Warning: Failed to find object 'Class None.'
[2015.10.08-21.09.31:244][  0]LogLoad: Full Startup: 53.99 seconds (BP compile: 0.22 seconds)
[2015.10.08-21.09.33:319][  0]SourceControl: Info On branch project
[2015.10.08-21.09.33:319][  0]SourceControl: Info Changes not staged for commit:
[2015.10.08-21.09.33:319][  0]SourceControl: Info   (use "git add <file>..." to update what will be committed)
[2015.10.08-21.09.33:319][  0]SourceControl: Info   (use "git checkout -- <file>..." to discard changes in working directory)
[2015.10.08-21.09.33:319][  0]SourceControl: Info 	modified:   Intermediate/CachedAssetRegistry.bin
[2015.10.08-21.09.33:319][  0]SourceControl: Info 	modified:   Saved/Autosaves/PackageRestoreData.json
[2015.10.08-21.09.33:320][  0]SourceControl: Info 	modified:   Saved/Config/Windows/EditorPerProjectUserSettings.ini
[2015.10.08-21.09.33:320][  0]SourceControl: Info 	modified:   Saved/Config/Windows/Engine.ini
[2015.10.08-21.09.33:320][  0]SourceControl: Info 	modified:   Saved/Logs/Toe.log
[2015.10.08-21.09.33:320][  0]SourceControl: Info Untracked files:
[2015.10.08-21.09.33:320][  0]SourceControl: Info   (use "git add <file>..." to include in what will be committed)
[2015.10.08-21.09.33:320][  0]SourceControl: Info 	Saved/AutoScreenshot.png
[2015.10.08-21.09.33:320][  0]SourceControl: Info 	Saved/Logs/Toe-backup-2015.10.08-17.08.40.log
[2015.10.08-21.09.33:320][  0]SourceControl: Info no changes added to commit (use "git add" and/or "git commit -a")
[2015.10.08-21.09.33:320][  0]LogContentStreaming: Texture pool size now 1000 MB
[2015.10.08-21.09.35:262][  0]LogRenderer: Reallocating scene render targets to support 856x372 (Frame:2).
[2015.10.08-21.09.39:912][ 11]LogAssetRegistry: Asset discovery search completed in 20.6771 seconds
[2015.10.08-21.09.39:912][ 11]LogCollectionManager: Rebuilt the object cache for 0 collections in 0.000001 seconds (found 0 objects)
[2015.10.08-21.09.39:912][ 11]LogCollectionManager: Fixed up redirectors for 0 collections in 0.000083 seconds (updated 0 objects)
[2015.10.08-21.11.03:196][337]LogAIModule: Creating AISystem for world Toe
[2015.10.08-21.11.03:285][337]Cmd: MAP LOAD FILE="../../../../../../Users/RonThomas/Documents/Unreal Projects/Toe/Content/Toe.umap" TEMPLATE=0 SHOWPROGRESS=1 FEATURELEVEL=3
[2015.10.08-21.11.03:286][337]LightingResults: New page: Lighting Build
[2015.10.08-21.11.03:354][337]LoadErrors: New page: Loading map: Toe.umap
[2015.10.08-21.11.03:378][337]MapCheck: New page: Map Check
[2015.10.08-21.11.03:378][337]LightingResults: New page: Lighting Build
[2015.10.08-21.11.03:412][337]LogParticles: Destroying 0 GPU particle simulations for FXSystem 0x000000E01D8FF420
[2015.10.08-21.11.03:455][337]LogEditorServer: Finished looking for orphan Actors (0.000 secs)
[2015.10.08-21.11.03:631][337]Cmd: MAP CHECKDEP NOCLEARLOG
[2015.10.08-21.11.03:819][337]MapCheck: Info Map check complete: 0 Error(s), 0 Warning(s), took 187.51ms to complete.
[2015.10.08-21.11.03:819][337]LogFileHelpers: Loading map 'Toe' took 0.538
[2015.10.08-21.11.06:082][377]LogEditorViewport: Clicking Background
[2015.10.08-21.11.49:377][ 35]LogEditorViewport: Clicking Background
[2015.10.08-21.12.58:270][923]LogEditorViewport: Clicking Background
[2015.10.08-21.18.55:495][604]LogD3D11RHI: Timed out while waiting for GPU to catch up. (0.5 s)
[2015.10.08-21.24.28:042][638]Cmd: OBJ SAVEPACKAGE PACKAGE="/Game/Toe" FILE="../../../../../../Users/RonThomas/Documents/Unreal Projects/Toe/Saved/Autosaves/Game/Toe_Auto1.umap" SILENT=true AUTOSAVING=true KEEPDIRTY=false
[2015.10.08-21.25.17:976][638]LogSavePackage: Save=41613.605469ms
[2015.10.08-21.25.17:976][638]LogSavePackage: Moving '../../../../../../Users/RonThomas/Documents/Unreal Projects/Toe/Saved/Toe_Auto1A0AFE89A45CF063013D2A1AEA8397BD0.tmp' to '../../../../../../Users/RonThomas/Documents/Unreal Projects/Toe/Saved/Autosaves/Game/Toe_Auto1.umap'
[2015.10.08-21.25.26:182][638]LogSavePackage: Total save time: 58136.182547ms
[2015.10.08-21.25.26:182][638]LogSavePackage:Warning: Finished SavePackage ../../../../../../Users/RonThomas/Documents/Unreal Projects/Toe/Saved/Autosaves/Game/Toe_Auto1.umap
[2015.10.08-21.25.30:929][638]LogFileHelpers: Editor autosave (incl. sublevels) for '/Game/Toe' took 68.786
[2015.10.08-21.25.30:929][638]LogFileHelpers: Editor autosave (incl. sublevels) for all levels took 68.786
[2015.10.08-23.43.28:108][754]LogEditorViewport: Clicking on Actor (LMB): StaticMeshActor (Carbon2)
[2015.10.08-23.43.39:649][877]LogEditorViewport: Clicking Background
[2015.10.08-23.43.39:750][877]LogEditorViewport: Clicking Background
[2015.10.08-23.43.41:404][895]LogEditorViewport: Clicking on Actor (LMB): DirectionalLight (DirectionalLight)
[2015.10.08-23.44.43:291][639]MapCheck: New page: Map Check
[2015.10.08-23.44.43:622][639]Cmd: MAP REBUILD ALLVISIBLE
[2015.10.08-23.44.43:643][639]LogEditorServer: Rebuildmap Clear paths rebuilt
[2015.10.08-23.44.43:894][639]MapCheck:Warning: Warning WorldSettings Hierarchical LOD System is disabled or no HLOD level settings available, unable to build LOD actors. 
[2015.10.08-23.44.43:895][639]LogStats:          STAT_HLOD_BuildClusters - 89.933 ms
[2015.10.08-23.44.43:999][639]LightingResults: New page: Lighting Build - Oct 8, 2015, 3:44:43 PM
[2015.10.08-23.45.03:141][639]LogStaticLightingSystem:Warning: No importance volume found, so the scene bounding box was used.  You can optimize your scene's quality and lighting build times by adding importance volumes.
[2015.10.08-23.45.03:162][639]LogStaticLightingSystem: Running Lightmass w/ ImmediateImport mode ENABLED
[2015.10.08-23.45.03:163][639]LogStaticLightingSystem: Running Lightmass w/ ImmediateProcess mode ENABLED
[2015.10.08-23.45.03:163][639]LogStaticLightingSystem: Running Lightmass w/ Sorting mode ENABLED
[2015.10.08-23.45.03:163][639]LogStaticLightingSystem: Running Lightmass w/ Mapping paddings ENABLED
[2015.10.08-23.45.03:163][639]LogStaticLightingSystem: Running Lightmass w/ Mapping debug paddings DISABLED
[2015.10.08-23.45.04:827][639]LogEditorBuildUtils: Build time 0:00:21
[2015.10.08-23.45.04:865][639]LogMaterial: Missing cached shader map for material FLightmassMaterialRenderer BasicShapeMaterial, compiling. 
[2015.10.08-23.45.04:916][639]LogMaterial: Missing cached shader map for material FLightmassMaterialRenderer BasicShapeMaterial, compiling. 
[2015.10.08-23.45.04:998][640]LogMaterial: Missing cached shader map for material FLightmassMaterialRenderer WorldGridMaterial, compiling. Is special engine material.
[2015.10.08-23.45.05:018][640]LogMaterial: Missing cached shader map for material FLightmassMaterialRenderer WorldGridMaterial, compiling. Is special engine material.
[2015.10.08-23.45.43:321][642]Cmd: OBJ SAVEPACKAGE PACKAGE="/Game/Toe" FILE="../../../../../../Users/RonThomas/Documents/Unreal Projects/Toe/Saved/Autosaves/Game/Toe_Auto2.umap" SILENT=true AUTOSAVING=true KEEPDIRTY=false
[2015.10.08-23.45.46:280][642]LogSavePackage: Save=2867.738525ms
[2015.10.08-23.45.46:280][642]LogSavePackage: Moving '../../../../../../Users/RonThomas/Documents/Unreal Projects/Toe/Saved/Toe_Auto21510D85C473E2CC42FF4BE8AE158A8B6.tmp' to '../../../../../../Users/RonThomas/Documents/Unreal Projects/Toe/Saved/Autosaves/Game/Toe_Auto2.umap'
[2015.10.08-23.45.46:305][642]LogSavePackage: Total save time: 2948.528811ms
[2015.10.08-23.45.46:305][642]LogSavePackage:Warning: Finished SavePackage ../../../../../../Users/RonThomas/Documents/Unreal Projects/Toe/Saved/Autosaves/Game/Toe_Auto2.umap
[2015.10.08-23.45.46:336][642]LogFileHelpers: Editor autosave (incl. sublevels) for '/Game/Toe' took 3.112
[2015.10.08-23.45.46:336][642]LogFileHelpers: Editor autosave (incl. sublevels) for all levels took 3.112
[2015.10.08-23.46.14:146][705]Job is a success!
