[2015.10.09-12.17.54:998][  0]Log file open, 10/09/15 08:17:54
[2015.10.09-12.17.54:998][  0]LogInit:Display: Running engine for game: Toe
[2015.10.09-12.17.54:998][  0]LogInit:Display: RandInit(-483151928) SRandInit(-483151927).
[2015.10.09-12.17.54:998][  0]LogTaskGraph: Started task graph with 4 named threads and 7 total threads.
[2015.10.09-12.17.54:998][  0]LogStats: Stats thread started at 0.230016
[2015.10.09-12.17.54:998][  0]LogInit: Version: 4.9.2-2707645+++depot+UE4-Releases+4.9
[2015.10.09-12.17.54:998][  0]LogInit: API Version: 2672455
[2015.10.09-12.17.54:998][  0]LogInit: Compiled (64-bit): Sep 28 2015 10:25:44
[2015.10.09-12.17.54:998][  0]LogInit: Compiled with Visual C++: 18.00.21005.01
[2015.10.09-12.17.54:998][  0]LogInit: Build Configuration: Development
[2015.10.09-12.17.54:998][  0]LogInit: Branch Name: ++depot+UE4-Releases+4.9
[2015.10.09-12.17.54:998][  0]LogInit: Command line: 
[2015.10.09-12.17.54:998][  0]LogInit: Base directory: C:/Program Files/Epic Games/4.9/Engine/Binaries/Win64/
[2015.10.09-12.17.54:998][  0]LogInit: Rocket: 1
[2015.10.09-12.17.55:029][  0]LogInit: Using libcurl 7.41.0
[2015.10.09-12.17.55:029][  0]LogInit:  - built for x86_64-pc-win32
[2015.10.09-12.17.55:029][  0]LogInit:  - supports SSL with WinSSL
[2015.10.09-12.17.55:029][  0]LogInit:  - other features:
[2015.10.09-12.17.55:029][  0]LogInit:      CURL_VERSION_SSL
[2015.10.09-12.17.55:029][  0]LogInit:      CURL_VERSION_IPV6
[2015.10.09-12.17.55:029][  0]LogInit:      CURL_VERSION_ASYNCHDNS
[2015.10.09-12.17.55:029][  0]LogInit:      CURL_VERSION_LARGEFILE
[2015.10.09-12.17.55:029][  0]LogInit:      CURL_VERSION_IDN
[2015.10.09-12.17.55:029][  0]LogInit:  CurlRequestOptions (configurable via config and command line):
[2015.10.09-12.17.55:029][  0]LogInit:  - bVerifyPeer = true  - Libcurl will verify peer certificate
[2015.10.09-12.17.55:029][  0]LogInit:  - bUseHttpProxy = false  - Libcurl will NOT use HTTP proxy
[2015.10.09-12.17.55:029][  0]LogInit:  - bDontReuseConnections = false  - Libcurl will reuse connections
[2015.10.09-12.17.55:029][  0]LogInit:  - CertBundlePath = nullptr  - Libcurl will use whatever was configured at build time.
[2015.10.09-12.17.55:053][  0]LogInit: Presizing for 0 objects not considered by GC, pre-allocating 0 bytes.
[2015.10.09-12.17.55:084][  0]LogInit: Object subsystem initialized
[2015.10.09-12.17.55:088][  0]LogInit: Selected Device Profile: [Windows]
[2015.10.09-12.17.55:088][  0]LogInit: Applying CVar settings loaded from the selected device profile: [Windows]
[2015.10.09-12.17.55:127][  0]LogInit: Computer: DESKTOP-1K4CAMJ
[2015.10.09-12.17.55:127][  0]LogInit: User: RonThomas
[2015.10.09-12.17.55:127][  0]LogInit: CPU Page size=4096, Cores=4
[2015.10.09-12.17.55:127][  0]LogInit: High frequency timer resolution =2.046956 MHz
[2015.10.09-12.17.55:127][  0]LogMemory: Memory total: Physical=7.2GB (8GB approx)
[2015.10.09-12.17.55:127][  0]LogMemory: Platform Memory Stats for Windows
[2015.10.09-12.17.55:127][  0]LogMemory: Process Physical Memory: 53.72 MB used, 53.72 MB peak
[2015.10.09-12.17.55:127][  0]LogMemory: Process Virtual Memory: 55.34 MB used, 55.34 MB peak
[2015.10.09-12.17.55:127][  0]LogMemory: Physical Memory: 3678.77 MB used, 7364.69 MB total
[2015.10.09-12.17.55:127][  0]LogMemory: Virtual Memory: 365.00 MB used, 134217728.00 MB total
[2015.10.09-12.17.55:214][  0]LogTextLocalizationManager: No specific translations for ('en-US') exist, so ('en') translations will be used.
[2015.10.09-12.17.57:776][  0]LogD3D11RHI: Found D3D11 adapter 0: AMD Radeon(TM) HD 8610G (Feature Level 11_0)
[2015.10.09-12.17.57:776][  0]LogD3D11RHI: Adapter has 750MB of dedicated video memory, 0MB of dedicated system memory, and 3456MB of shared system memory, 1 output[s]
[2015.10.09-12.17.57:782][  0]LogD3D11RHI: Found D3D11 adapter 1: Microsoft Basic Render Driver (Feature Level 11_0)
[2015.10.09-12.17.57:782][  0]LogD3D11RHI: Adapter has 0MB of dedicated video memory, 0MB of dedicated system memory, and 3682MB of shared system memory, 0 output[s]
[2015.10.09-12.17.57:782][  0]LogD3D11RHI: Chosen D3D11 Adapter Id = 0
[2015.10.09-12.17.57:799][  0]LogD3D11RHI: !Direct3DDevice
[2015.10.09-12.17.57:799][  0]LogRHI: Texture pool is 525 MB (70% of 750 MB)
[2015.10.09-12.17.57:826][  0]LogD3D11RHI: Async texture creation disabled: no driver support
[2015.10.09-12.17.57:851][  0]LogShaderCompilers: Guid format shader working directory is 15 characters bigger than the processId version (../../../../../../Users/RonThomas/Documents/Unreal Projects/Toe/Intermediate/Shaders/WorkingDirectory/6540/).
[2015.10.09-12.17.57:851][  0]LogShaderCompilers: Cleaned the shader compiler working directory '../../../../../../Users/RonThomas/Documents/Unreal Projects/Toe/Intermediate/Shaders/tmp/333E5ED2489D8BCEC13F59BC16753D4E/'.
[2015.10.09-12.17.57:851][  0]LogShaderCompilers:Display: Using Local Shader Compiler.
[2015.10.09-12.18.03:207][  0]LogTemp:Display: Loaded TP AllDesktopTargetPlatform
[2015.10.09-12.18.03:239][  0]LogTemp:Display: Loaded TP WindowsClientTargetPlatform
[2015.10.09-12.18.03:269][  0]LogTemp:Display: Loaded TP WindowsNoEditorTargetPlatform
[2015.10.09-12.18.03:299][  0]LogTemp:Display: Loaded TP WindowsServerTargetPlatform
[2015.10.09-12.18.03:334][  0]LogTemp:Display: Loaded TP WindowsTargetPlatform
[2015.10.09-12.18.03:354][  0]LogTemp:Display: Loaded TP AndroidTargetPlatform
[2015.10.09-12.18.03:380][  0]LogTemp:Display: Loaded TP Android_ASTCTargetPlatform
[2015.10.09-12.18.03:398][  0]LogTemp:Display: Loaded TP Android_ATCTargetPlatform
[2015.10.09-12.18.03:419][  0]LogTemp:Display: Loaded TP Android_DXTTargetPlatform
[2015.10.09-12.18.03:439][  0]LogTemp:Display: Loaded TP Android_ETC1TargetPlatform
[2015.10.09-12.18.03:460][  0]LogTemp:Display: Loaded TP Android_ETC2TargetPlatform
[2015.10.09-12.18.03:482][  0]LogTemp:Display: Loaded TP Android_PVRTCTargetPlatform
[2015.10.09-12.18.03:484][  0]LogTemp:Display: Loaded TP HTML5TargetPlatform
[2015.10.09-12.18.03:542][  0]LogTemp:Display: Loaded TP IOSTargetPlatform
[2015.10.09-12.18.03:559][  0]LogTemp:Display: Loaded TP LinuxNoEditorTargetPlatform
[2015.10.09-12.18.03:581][  0]LogTemp:Display: Loaded TP LinuxServerTargetPlatform
[2015.10.09-12.18.03:602][  0]LogTemp:Display: Loaded TP LinuxTargetPlatform
[2015.10.09-12.18.03:602][  0]LogTargetPlatformManager:Display: Building Assets For Windows
[2015.10.09-12.18.04:089][  0]LogDerivedDataCache:Display: Max Cache Size: 512 MB
[2015.10.09-12.18.04:376][  0]LogDerivedDataCache: Loaded boot cache 0.29s 41MB C:/Users/RonThomas/AppData/Local/UnrealEngine/4.9/DerivedDataCache/Boot.ddc.
[2015.10.09-12.18.04:376][  0]LogDerivedDataCache:Display: Loaded Boot cache: C:/Users/RonThomas/AppData/Local/UnrealEngine/4.9/DerivedDataCache/Boot.ddc
[2015.10.09-12.18.04:377][  0]LogDerivedDataCache: FDerivedDataBackendGraph:  Pak pak cache file ../../../../../../Users/RonThomas/Documents/Unreal Projects/Toe/DerivedDataCache/DDC.ddp not found, will not use a pak cache.
[2015.10.09-12.18.04:377][  0]LogDerivedDataCache: Unable to find inner node Pak for hierarchical cache Hierarchy.
[2015.10.09-12.18.04:378][  0]LogDerivedDataCache: FDerivedDataBackendGraph:  CompressedPak pak cache file ../../../../../../Users/RonThomas/Documents/Unreal Projects/Toe/DerivedDataCache/Compressed.ddp not found, will not use a pak cache.
[2015.10.09-12.18.04:378][  0]LogDerivedDataCache: Unable to find inner node CompressedPak for hierarchical cache Hierarchy.
[2015.10.09-12.18.05:020][  0]LogDerivedDataCache:Display: Pak cache opened for reading ../../../Engine/DerivedDataCache/Compressed.ddp.
[2015.10.09-12.18.05:036][  0]LogDerivedDataCache: Using Local data cache path C:/Users/RonThomas/AppData/Local/UnrealEngine/Common/DerivedDataCache: Writable
[2015.10.09-12.18.06:119][  0]LogInit: Selected Device Profile: [Windows]
[2015.10.09-12.18.06:153][  0]LogContentStreaming: Texture pool size is 0.000000MB
[2015.10.09-12.18.06:866][  0]LogMeshUtilities: No automatic mesh reduction module available
[2015.10.09-12.18.06:866][  0]LogMeshUtilities: No automatic mesh merging module available
[2015.10.09-12.18.08:222][  0]LogInit: WinSock: version 1.1 (2.2), MaxSocks=32767, MaxUdp=65467
[2015.10.09-12.18.12:040][  0]UdpMessaging: Initializing bridge on interface 0.0.0.0:0 to multicast group 230.0.0.1:6666.
[2015.10.09-12.18.12:284][  0]LogAssetRegistry: FAssetRegistry took 0.0117 seconds to start up
[2015.10.09-12.18.13:091][  0]SourceControl: Info Source control is disabled
[2015.10.09-12.18.14:420][  0]LogLinker:Warning: Asset '../../../Engine/Plugins/Runtime/LeapMotionController/Content/LM_PassthroughMaterial.uasset' has been saved with empty engine version. The asset will be loaded but may be incompatible.
[2015.10.09-12.18.14:886][  0]LogObj: 28361 objects as part of root set at end of initial load.
[2015.10.09-12.18.14:886][  0]LogUObjectAllocator: 6038864 out of 0 bytes used by permanent object pool.
[2015.10.09-12.18.15:141][  0]LogEngine: Initializing Engine...
[2015.10.09-12.18.15:156][  0]LogHMD: Can't find Oculus library dev build: is proper Runtime installed? Version: 0.7.0.0
[2015.10.09-12.18.15:159][  0]LogHMD: SteamVR failed to initialize.  Err: 110
[2015.10.09-12.18.15:846][  0]LogAIModule: Creating AISystem for world NewWorld
[2015.10.09-12.18.15:868][  0]LogInit: XAudio2 using 'Speaker/HP (Realtek High Definition Audio)' : 2 channels at 48 kHz using 32 bits per sample (channel mask 0x3)
[2015.10.09-12.18.15:935][  0]LogInit: FAudioDevice initialized.
[2015.10.09-12.18.16:061][  0]LogDerivedDataCache: Saved boot cache 0.13s 41MB C:/Users/RonThomas/AppData/Local/UnrealEngine/4.9/DerivedDataCache/Boot.ddc.
[2015.10.09-12.18.16:098][  0]LogInit: Texture streaming: Enabled
[2015.10.09-12.18.16:130][  0]LogAnalytics: Creating configured Analytics provider AnalyticsET
[2015.10.09-12.18.16:130][  0]LogAnalytics: [UEEditor.Rocket.Release] APIServer = http://et2.epicgames.com/ET2/. AppVersion = 4.9.2-2707645+++depot+UE4-Releases+4.9
[2015.10.09-12.18.16:131][  0]LogAnalytics: [UEEditor.Rocket.Release] SetUserId a96f2b3043d68c490b6e1ab24f8670c7|ccacbc3dbf8c49408cc1f0d5fe741570|7fd7e3ec-a435-42e9-8c73-ddfdefdc7c42
[2015.10.09-12.18.16:131][  0]LogAnalytics: [UEEditor.Rocket.Release] AnalyticsET::StartSession
[2015.10.09-12.18.16:292][  0]LogInit: Transaction tracking system initialized
[2015.10.09-12.18.16:490][  0]BlueprintLog: New page: Editor Load
[2015.10.09-12.18.16:878][  0]LocalizationService: Info Localization service is disabled
[2015.10.09-12.18.17:176][  0]LogConsoleResponse:Display: 
[2015.10.09-12.18.17:594][  0]LogCook:Display: Done creating registry. It took  0.00s.
[2015.10.09-12.18.18:018][  0]LogFileCache: Scanning file cache for directory 'C:/Users/RonThomas/Documents/Unreal Projects/Toe/Content/' took 0.03s
[2015.10.09-12.18.48:463][  0]LogWindowsTextInputMethodSystem:Display: IME system now deactivated.
[2015.10.09-12.18.48:500][  0]LogWindowsTextInputMethodSystem:Display: IME system now deactivated.
[2015.10.09-12.18.48:617][  0]LogWindowsTextInputMethodSystem:Display: IME system now deactivated.
[2015.10.09-12.18.48:659][  0]LogWindowsTextInputMethodSystem:Display: IME system now deactivated.
[2015.10.09-12.18.48:661][  0]Cmd: MAP LOAD FILE="../../../../../../Users/RonThomas/Documents/Unreal Projects/Toe/Content/StarterContent/Maps/Minimal_Default.umap" TEMPLATE=0 SHOWPROGRESS=1 FEATURELEVEL=3
[2015.10.09-12.18.48:834][  0]LightingResults: New page: Lighting Build
[2015.10.09-12.18.48:846][  0]MapCheck: New page: Map Check
[2015.10.09-12.18.48:847][  0]LightingResults: New page: Lighting Build
[2015.10.09-12.18.48:887][  0]LogParticles: Destroying 0 GPU particle simulations for FXSystem 0x0000007A0AF62160
[2015.10.09-12.18.53:285][  0]LogAIModule: Creating AISystem for world Minimal_Default
[2015.10.09-12.18.53:451][  0]LogEditorServer: Finished looking for orphan Actors (0.000 secs)
[2015.10.09-12.18.53:460][  0]Cmd: MAP CHECKDEP NOCLEARLOG
[2015.10.09-12.18.53:804][  0]MapCheck: Info Map check complete: 0 Error(s), 0 Warning(s), took 342.907ms to complete.
[2015.10.09-12.18.53:805][  0]LogFileHelpers: Loading map 'Minimal_Default' took 5.145
[2015.10.09-12.18.53:832][  0]LogWindowsTextInputMethodSystem:Display: IME system now deactivated.
[2015.10.09-12.18.54:334][  0]LogCollectionManager: Loaded 0 collections in 0.005796 seconds
[2015.10.09-12.18.54:402][  0]LogFileCache: Scanning file cache for directory 'C:/Users/RonThomas/Documents/Unreal Projects/Toe/Saved/Collections/' took 0.01s
[2015.10.09-12.18.54:402][  0]LogFileCache: Scanning file cache for directory 'C:/Users/RonThomas/Documents/Unreal Projects/Toe/Content/Developers/RonThomas/Collections/' took 0.01s
[2015.10.09-12.18.54:402][  0]LogFileCache: Scanning file cache for directory 'C:/Users/RonThomas/Documents/Unreal Projects/Toe/Content/Collections/' took 0.01s
[2015.10.09-12.18.54:402][  0]LogContentBrowser: Native class hierarchy populated in 0.0280 seconds. Added 1867 classes and 333 folders.
[2015.10.09-12.18.54:419][  0]LogCollectionManager: Rebuilt the GUID cache for 0 collections in 0.000006 seconds
[2015.10.09-12.18.54:490][  0]LogContentBrowser: Native class hierarchy updated for 'WidgetCarousel' in 0.0009 seconds. Added 0 classes and 0 folders.
[2015.10.09-12.18.57:292][  0]LogContentBrowser: Native class hierarchy updated for 'AddContentDialog' in 0.0016 seconds. Added 0 classes and 0 folders.
[2015.10.09-12.18.57:346][  0]LogContentBrowser: Native class hierarchy updated for 'SceneOutliner' in 0.0020 seconds. Added 1 classes and 2 folders.
[2015.10.09-12.18.57:886][  0]LogCrashTracker: Crashtracker disabled due to settings.
[2015.10.09-12.18.58:016][  0]LogUObjectGlobals:Warning: Failed to find object 'Class None.'
[2015.10.09-12.18.58:063][  0]LogStats:Warning: MetaData mismatch. Did you assign a stat to two groups? New //STATGROUP_Threads//SplashScreenThread///Thread_1e14_0///####STATCAT_Advanced#### old //STATGROUP_Threads//SplashScreenThread///Thread_1ac4_0///####STATCAT_Advanced####
[2015.10.09-12.18.58:063][  0]LogLoad: Full Startup: 65.20 seconds (BP compile: 0.19 seconds)
[2015.10.09-12.18.58:710][  0]SourceControl: Info On branch project
[2015.10.09-12.18.58:711][  0]SourceControl: Info Your branch is up-to-date with 'origin/project'.
[2015.10.09-12.18.58:711][  0]SourceControl: Info Changes not staged for commit:
[2015.10.09-12.18.58:711][  0]SourceControl: Info   (use "git add <file>..." to update what will be committed)
[2015.10.09-12.18.58:711][  0]SourceControl: Info   (use "git checkout -- <file>..." to discard changes in working directory)
[2015.10.09-12.18.58:711][  0]SourceControl: Info 	modified:   Content/Toe.umap
[2015.10.09-12.18.58:711][  0]SourceControl: Info 	modified:   Intermediate/CachedAssetRegistry.bin
[2015.10.09-12.18.58:711][  0]SourceControl: Info 	modified:   Saved/Autosaves/Game/Toe_Auto4.umap
[2015.10.09-12.18.58:711][  0]SourceControl: Info 	modified:   Saved/Autosaves/PackageRestoreData.json
[2015.10.09-12.18.58:711][  0]SourceControl: Info 	modified:   Saved/Config/Windows/EditorPerProjectUserSettings.ini
[2015.10.09-12.18.58:711][  0]SourceControl: Info 	modified:   Saved/Config/Windows/Engine.ini
[2015.10.09-12.18.58:712][  0]SourceControl: Info 	modified:   Saved/Logs/Toe.log
[2015.10.09-12.18.58:712][  0]SourceControl: Info Untracked files:
[2015.10.09-12.18.58:712][  0]SourceControl: Info   (use "git add <file>..." to include in what will be committed)
[2015.10.09-12.18.58:712][  0]SourceControl: Info 	Saved/AutoScreenshot.png
[2015.10.09-12.18.58:712][  0]SourceControl: Info 	Saved/Autosaves/Game/Toe_Auto1.umap
[2015.10.09-12.18.58:712][  0]SourceControl: Info 	Saved/Autosaves/Game/Toe_Auto2.umap
[2015.10.09-12.18.58:712][  0]SourceControl: Info 	Saved/Autosaves/Game/Toe_Auto3.umap
[2015.10.09-12.18.58:712][  0]SourceControl: Info 	Saved/Backup/Toe_2015-10-08-17-24-28.umap
[2015.10.09-12.18.58:712][  0]SourceControl: Info 	Saved/Backup/Toe_2015-10-08-19-45-43.umap
[2015.10.09-12.18.58:712][  0]SourceControl: Info 	Saved/Backup/Toe_2015-10-08-19-55-55.umap
[2015.10.09-12.18.58:713][  0]SourceControl: Info 	Saved/Backup/Toe_2015-10-08-22-34-15.umap
[2015.10.09-12.18.58:713][  0]SourceControl: Info 	Saved/Logs/Toe-backup-2015.10.08-17.08.40.log
[2015.10.09-12.18.58:713][  0]SourceControl: Info 	Saved/Logs/Toe-backup-2015.10.09-08.17.54.log
[2015.10.09-12.18.58:713][  0]SourceControl: Info no changes added to commit (use "git add" and/or "git commit -a")
[2015.10.09-12.18.58:713][  0]LogContentStreaming: Texture pool size now 1000 MB
[2015.10.09-12.18.59:419][  0]LogRenderer: Reallocating scene render targets to support 856x372 (Frame:2).
[2015.10.09-12.19.01:721][  9]LogAssetRegistry: Asset discovery search completed in 49.4487 seconds
[2015.10.09-12.19.01:721][  9]LogCollectionManager: Rebuilt the object cache for 0 collections in 0.000001 seconds (found 0 objects)
[2015.10.09-12.19.01:721][  9]LogCollectionManager: Fixed up redirectors for 0 collections in 0.000066 seconds (updated 0 objects)
[2015.10.09-12.19.27:883][426]LogAIModule: Creating AISystem for world Toe
[2015.10.09-12.19.28:038][426]Cmd: MAP LOAD FILE="../../../../../../Users/RonThomas/Documents/Unreal Projects/Toe/Content/Toe.umap" TEMPLATE=0 SHOWPROGRESS=1 FEATURELEVEL=3
[2015.10.09-12.19.28:039][426]LightingResults: New page: Lighting Build
[2015.10.09-12.19.28:148][426]LoadErrors: New page: Loading map: Toe.umap
[2015.10.09-12.19.28:178][426]MapCheck: New page: Map Check
[2015.10.09-12.19.28:178][426]LightingResults: New page: Lighting Build
[2015.10.09-12.19.28:237][426]LogParticles: Destroying 0 GPU particle simulations for FXSystem 0x0000007A038EE0C0
[2015.10.09-12.19.28:304][426]LogEditorServer: Finished looking for orphan Actors (0.000 secs)
[2015.10.09-12.19.28:490][426]Cmd: MAP CHECKDEP NOCLEARLOG
[2015.10.09-12.19.28:786][426]MapCheck: Info Map check complete: 0 Error(s), 0 Warning(s), took 295.145ms to complete.
[2015.10.09-12.19.28:816][426]LogFileHelpers: Loading map 'Toe' took 0.782
[2015.10.09-12.19.41:189][602]LogEditorViewport: Clicking on Actor (LMB): StaticMeshActor (Carbon2)
[2015.10.09-12.19.42:791][619]LogEditorViewport: Clicking on Actor (LMB): StaticMeshActor (Oxygen)
[2015.10.09-12.20.41:050][685]LogMaterial: Missing cached shader map for material ShaderMaterialMesh, compiling. 
[2015.10.09-12.20.41:451][685]LogMaterial: Missing cached shader map for material ShaderMaterialMesh, compiling. 
[2015.10.09-12.20.41:480][685]LogMaterial: 0.000271 seconds spent updating 1 materials, 1 interfaces, 0 instances, 0 with static permutations.
[2015.10.09-12.20.57:134][846]LogMaterial: Missing cached shader map for material ShaderMaterialMesh, compiling. 
[2015.10.09-12.20.57:150][846]LogMaterial: 0.000114 seconds spent updating 1 materials, 1 interfaces, 0 instances, 0 with static permutations.
[2015.10.09-12.20.57:179][846]LogMaterial: Missing cached shader map for material FMatExpressionPreview MaterialExpressionConstant3Vector_0, compiling. 
[2015.10.09-12.20.57:693][852]MaterialEditorStats: Info Base pass shader with only dynamic lighting: 31 instructions
[2015.10.09-12.20.57:693][852]MaterialEditorStats: Info Vertex shader: 31 instructions
[2015.10.09-12.20.57:693][852]MaterialEditorStats: Info Texture samplers: 0/16
[2015.10.09-12.21.09:736][ 29]LogMaterial: Missing cached shader map for material ShaderMaterialMesh, compiling. 
[2015.10.09-12.21.09:757][ 29]LogMaterial: 0.000217 seconds spent updating 1 materials, 1 interfaces, 0 instances, 0 with static permutations.
[2015.10.09-12.21.09:795][ 29]LogMaterial: Missing cached shader map for material FMatExpressionPreview MaterialExpressionConstant3Vector_0, compiling. 
[2015.10.09-12.21.09:829][ 29]LogMaterial: Missing cached shader map for material FMatExpressionPreview MaterialExpressionConstant3Vector_0, compiling. 
[2015.10.09-12.21.16:032][119]LogMaterial: Missing cached shader map for material ShaderMaterialMesh, compiling. 
[2015.10.09-12.21.16:049][119]LogMaterial: 0.000443 seconds spent updating 1 materials, 1 interfaces, 0 instances, 0 with static permutations.
[2015.10.09-12.21.16:149][119]LogMaterial: Missing cached shader map for material FMatExpressionPreview MaterialExpressionConstant3Vector_0, compiling. 
[2015.10.09-12.21.19:980][153]LogMaterial: Missing cached shader map for material ShaderMaterialMesh, compiling. 
[2015.10.09-12.21.20:015][153]LogMaterial: 0.000306 seconds spent updating 1 materials, 1 interfaces, 0 instances, 0 with static permutations.
[2015.10.09-12.21.20:088][153]LogMaterial: Missing cached shader map for material FMatExpressionPreview MaterialExpressionConstant3Vector_0, compiling. 
[2015.10.09-12.21.20:658][159]LogMaterial: Missing cached shader map for material ShaderMaterialMesh, compiling. 
[2015.10.09-12.21.20:676][159]LogMaterial: 0.000132 seconds spent updating 1 materials, 1 interfaces, 0 instances, 0 with static permutations.
[2015.10.09-12.21.20:735][159]LogMaterial: Missing cached shader map for material FMatExpressionPreview MaterialExpressionConstant3Vector_0, compiling. 
[2015.10.09-12.21.44:970][511]MaterialEditorStats: Info Base pass shader with only dynamic lighting: 31 instructions
[2015.10.09-12.21.44:970][511]MaterialEditorStats: Info Vertex shader: 31 instructions
[2015.10.09-12.21.44:970][511]MaterialEditorStats: Info Texture samplers: 0/16
[2015.10.09-12.21.47:748][559]LogMaterial: Missing cached shader map for material ShaderMaterialMesh, compiling. 
[2015.10.09-12.21.47:763][559]LogMaterial: 0.000181 seconds spent updating 1 materials, 1 interfaces, 0 instances, 0 with static permutations.
[2015.10.09-12.21.47:792][559]LogMaterial: Missing cached shader map for material FMatExpressionPreview MaterialExpressionConstant3Vector_0, compiling. 
[2015.10.09-12.21.58:525][725]MaterialEditorStats: Info Base pass shader with only dynamic lighting: 31 instructions
[2015.10.09-12.21.58:525][725]MaterialEditorStats: Info Vertex shader: 31 instructions
[2015.10.09-12.21.58:525][725]MaterialEditorStats: Info Texture samplers: 0/16
[2015.10.09-12.22.16:545][ 81]LogMaterial: Missing cached shader map for material ShaderMaterialMesh, compiling. 
[2015.10.09-12.22.16:561][ 81]LogMaterial: 0.000387 seconds spent updating 1 materials, 1 interfaces, 0 instances, 0 with static permutations.
[2015.10.09-12.22.16:588][ 81]LogMaterial: Missing cached shader map for material FMatExpressionPreview MaterialExpressionConstant3Vector_0, compiling. 
[2015.10.09-12.22.20:836][159]LogMaterial: Missing cached shader map for material ShaderMaterialMesh, compiling. 
[2015.10.09-12.22.20:854][159]LogMaterial: 0.000246 seconds spent updating 1 materials, 1 interfaces, 0 instances, 0 with static permutations.
[2015.10.09-12.22.20:886][159]LogMaterial: Missing cached shader map for material FMatExpressionPreview MaterialExpressionConstant3Vector_0, compiling. 
[2015.10.09-12.22.24:926][230]LogMaterial: Missing cached shader map for material ShaderMaterialMesh, compiling. 
[2015.10.09-12.22.24:943][230]LogMaterial: 0.000121 seconds spent updating 1 materials, 1 interfaces, 0 instances, 0 with static permutations.
[2015.10.09-12.22.24:971][230]LogMaterial: Missing cached shader map for material FMatExpressionPreview MaterialExpressionConstant3Vector_0, compiling. 
[2015.10.09-12.22.37:750][406]LogMaterial: Missing cached shader map for material ShaderMaterialMesh, compiling. 
[2015.10.09-12.22.37:776][406]LogMaterial: 0.000104 seconds spent updating 1 materials, 1 interfaces, 0 instances, 0 with static permutations.
[2015.10.09-12.22.37:810][406]LogMaterial: Missing cached shader map for material FMatExpressionPreview MaterialExpressionConstant3Vector_0, compiling. 
[2015.10.09-12.22.38:216][412]MaterialEditorStats: Info Base pass shader with only dynamic lighting: 30 instructions
[2015.10.09-12.22.38:216][412]MaterialEditorStats: Info Vertex shader: 31 instructions
[2015.10.09-12.22.38:216][412]MaterialEditorStats: Info Texture samplers: 0/16
[2015.10.09-12.22.45:996][486]LogMaterial: Missing cached shader map for material ShaderMaterialMesh, compiling. 
[2015.10.09-12.22.46:027][486]LogMaterial: 0.000529 seconds spent updating 1 materials, 1 interfaces, 0 instances, 0 with static permutations.
[2015.10.09-12.22.46:096][486]LogMaterial: Missing cached shader map for material FMatExpressionPreview MaterialExpressionConstant3Vector_0, compiling. 
[2015.10.09-12.22.52:755][551]LogMaterial: Missing cached shader map for material ShaderMaterialMesh, compiling. 
[2015.10.09-12.22.52:778][551]LogMaterial: 0.000092 seconds spent updating 1 materials, 1 interfaces, 0 instances, 0 with static permutations.
[2015.10.09-12.22.52:812][551]LogMaterial: Missing cached shader map for material FMatExpressionPreview MaterialExpressionConstant3Vector_0, compiling. 
[2015.10.09-12.23.04:967][708]LogMaterial: Missing cached shader map for material ShaderMaterialMesh, compiling. 
[2015.10.09-12.23.04:986][708]LogMaterial: 0.000241 seconds spent updating 1 materials, 1 interfaces, 0 instances, 0 with static permutations.
[2015.10.09-12.23.05:018][708]LogMaterial: Missing cached shader map for material FMatExpressionPreview MaterialExpressionConstant3Vector_0, compiling. 
[2015.10.09-12.23.05:028][708]LogMaterial: Missing cached shader map for material FMatExpressionPreview MaterialExpressionConstant3Vector_1, compiling. 
[2015.10.09-12.23.12:422][792]LogMaterial: Missing cached shader map for material ShaderMaterialMesh, compiling. 
[2015.10.09-12.23.12:441][792]LogMaterial: 0.000184 seconds spent updating 1 materials, 1 interfaces, 0 instances, 0 with static permutations.
[2015.10.09-12.23.12:472][792]LogMaterial: Missing cached shader map for material FMatExpressionPreview MaterialExpressionConstant3Vector_0, compiling. 
[2015.10.09-12.23.12:498][792]LogMaterial: Missing cached shader map for material FMatExpressionPreview MaterialExpressionConstant3Vector_1, compiling. 
[2015.10.09-12.23.12:507][792]LogMaterial: Missing cached shader map for material FMatExpressionPreview MaterialExpressionAtmosphericFogColor_0, compiling. 
[2015.10.09-12.23.17:440][870]LogMaterial: Missing cached shader map for material ShaderMaterialMesh, compiling. 
[2015.10.09-12.23.17:460][870]LogMaterial: 0.000167 seconds spent updating 1 materials, 1 interfaces, 0 instances, 0 with static permutations.
[2015.10.09-12.23.17:490][870]LogMaterial: Missing cached shader map for material FMatExpressionPreview MaterialExpressionConstant3Vector_0, compiling. 
[2015.10.09-12.23.17:527][870]LogMaterial: Missing cached shader map for material FMatExpressionPreview MaterialExpressionConstant3Vector_1, compiling. 
[2015.10.09-12.23.17:560][870]LogMaterial: Missing cached shader map for material FMatExpressionPreview MaterialExpressionAtmosphericFogColor_0, compiling. 
[2015.10.09-12.23.23:222][925]LogMaterial: Missing cached shader map for material ShaderMaterialMesh, compiling. 
[2015.10.09-12.23.23:246][925]LogMaterial: 0.000188 seconds spent updating 1 materials, 1 interfaces, 0 instances, 0 with static permutations.
[2015.10.09-12.23.23:278][925]LogMaterial: Missing cached shader map for material FMatExpressionPreview MaterialExpressionConstant3Vector_0, compiling. 
[2015.10.09-12.23.23:286][925]LogMaterial: Missing cached shader map for material FMatExpressionPreview MaterialExpressionConstant3Vector_1, compiling. 
[2015.10.09-12.23.23:294][925]LogMaterial: Missing cached shader map for material FMatExpressionPreview MaterialExpressionAtmosphericFogColor_0, compiling. 
[2015.10.09-12.23.23:334][925]LogMaterial: Missing cached shader map for material FMatExpressionPreview MaterialExpressionConstant3Vector_0, compiling. 
[2015.10.09-12.23.23:343][925]LogMaterial: Missing cached shader map for material FMatExpressionPreview MaterialExpressionConstant3Vector_1, compiling. 
[2015.10.09-12.23.23:375][925]LogMaterial: Missing cached shader map for material FMatExpressionPreview MaterialExpressionAtmosphericFogColor_0, compiling. 
[2015.10.09-12.23.34:458][133]MaterialEditorStats: Info Base pass shader with only dynamic lighting: 30 instructions
[2015.10.09-12.23.34:458][133]MaterialEditorStats: Info Vertex shader: 31 instructions
[2015.10.09-12.23.34:458][133]MaterialEditorStats: Info Texture samplers: 0/16
[2015.10.09-12.23.42:249][335]LogMaterial: Missing cached shader map for material ShaderMaterialMesh, compiling. 
[2015.10.09-12.23.42:273][335]LogMaterial: 0.000216 seconds spent updating 1 materials, 1 interfaces, 0 instances, 0 with static permutations.
[2015.10.09-12.23.42:305][335]LogMaterial: Missing cached shader map for material FMatExpressionPreview MaterialExpressionConstant3Vector_0, compiling. 
[2015.10.09-12.23.42:343][335]LogMaterial: Missing cached shader map for material FMatExpressionPreview MaterialExpressionConstant3Vector_1, compiling. 
[2015.10.09-12.23.42:352][335]LogMaterial: Missing cached shader map for material FMatExpressionPreview MaterialExpressionAtmosphericFogColor_0, compiling. 
[2015.10.09-12.23.57:617][518]LogMaterial: Missing cached shader map for material ShaderMaterialMesh, compiling. 
[2015.10.09-12.23.57:643][518]LogMaterial: 0.000218 seconds spent updating 1 materials, 1 interfaces, 0 instances, 0 with static permutations.
[2015.10.09-12.23.57:675][518]LogMaterial: Missing cached shader map for material FMatExpressionPreview MaterialExpressionConstant3Vector_0, compiling. 
[2015.10.09-12.23.57:686][518]LogMaterial: Missing cached shader map for material FMatExpressionPreview MaterialExpressionConstant3Vector_1, compiling. 
[2015.10.09-12.23.57:700][518]LogMaterial: Missing cached shader map for material FMatExpressionPreview MaterialExpressionAtmosphericFogColor_0, compiling. 
[2015.10.09-12.23.57:737][518]LogMaterial: Missing cached shader map for material FMatExpressionPreview MaterialExpressionConstant3Vector_0, compiling. 
[2015.10.09-12.23.57:761][518]LogMaterial: Missing cached shader map for material FMatExpressionPreview MaterialExpressionConstant3Vector_1, compiling. 
[2015.10.09-12.23.57:770][518]LogMaterial: Missing cached shader map for material FMatExpressionPreview MaterialExpressionAtmosphericFogColor_0, compiling. 
[2015.10.09-12.24.26:567][ 50]MaterialEditorStats: Info Base pass shader with only dynamic lighting: 465 instructions
[2015.10.09-12.24.26:568][ 50]MaterialEditorStats: Info Vertex shader: 31 instructions
[2015.10.09-12.24.26:568][ 50]MaterialEditorStats: Info Texture samplers: 1/16
[2015.10.09-12.24.29:229][111]LogMaterial: Missing cached shader map for material ShaderMaterialMesh, compiling. 
[2015.10.09-12.24.29:248][111]LogMaterial: 0.000327 seconds spent updating 1 materials, 1 interfaces, 0 instances, 0 with static permutations.
[2015.10.09-12.24.29:284][111]LogMaterial: Missing cached shader map for material FMatExpressionPreview MaterialExpressionConstant3Vector_0, compiling. 
[2015.10.09-12.24.29:293][111]LogMaterial: Missing cached shader map for material FMatExpressionPreview MaterialExpressionConstant3Vector_1, compiling. 
[2015.10.09-12.24.29:302][111]LogMaterial: Missing cached shader map for material FMatExpressionPreview MaterialExpressionAtmosphericFogColor_0, compiling. 
[2015.10.09-12.24.57:441][625]LogMaterial: Missing cached shader map for material ShaderMaterialMesh, compiling. 
[2015.10.09-12.24.57:460][625]LogMaterial: 0.000223 seconds spent updating 1 materials, 1 interfaces, 0 instances, 0 with static permutations.
[2015.10.09-12.24.57:486][625]LogMaterial: Missing cached shader map for material FMatExpressionPreview MaterialExpressionConstant3Vector_0, compiling. 
[2015.10.09-12.24.57:496][625]LogMaterial: Missing cached shader map for material FMatExpressionPreview MaterialExpressionConstant3Vector_1, compiling. 
[2015.10.09-12.24.57:526][625]LogMaterial: Missing cached shader map for material FMatExpressionPreview MaterialExpressionAtmosphericFogColor_0, compiling. 
[2015.10.09-12.24.57:542][625]LogMaterial: Missing cached shader map for material ShaderMaterialMesh, compiling. 
[2015.10.09-12.24.57:565][625]LogMaterial: 0.000698 seconds spent updating 1 materials, 1 interfaces, 0 instances, 0 with static permutations.
[2015.10.09-12.24.57:596][625]LogMaterial: Missing cached shader map for material FMatExpressionPreview MaterialExpressionConstant3Vector_0, compiling. 
[2015.10.09-12.24.57:604][625]LogMaterial: Missing cached shader map for material FMatExpressionPreview MaterialExpressionConstant3Vector_1, compiling. 
[2015.10.09-12.24.57:612][625]LogMaterial: Missing cached shader map for material FMatExpressionPreview MaterialExpressionAtmosphericFogColor_0, compiling. 
[2015.10.09-12.24.57:659][625]LogEditorViewport: Clicking on Actor (LMB): StaticMeshActor (Carbon2)
[2015.10.09-12.25.07:036][808]LogMaterial: Missing cached shader map for material ShaderMaterialMesh, compiling. 
[2015.10.09-12.25.07:056][808]LogMaterial: 0.000130 seconds spent updating 1 materials, 1 interfaces, 0 instances, 0 with static permutations.
[2015.10.09-12.25.07:090][808]LogMaterial: Missing cached shader map for material FMatExpressionPreview MaterialExpressionConstant3Vector_0, compiling. 
[2015.10.09-12.25.07:100][808]LogMaterial: Missing cached shader map for material FMatExpressionPreview MaterialExpressionConstant3Vector_1, compiling. 
[2015.10.09-12.25.07:135][808]LogMaterial: Missing cached shader map for material FMatExpressionPreview MaterialExpressionAtmosphericFogColor_0, compiling. 
[2015.10.09-12.25.21:483][952]LogMaterial: Missing cached shader map for material ShaderMaterialMesh, compiling. 
[2015.10.09-12.25.21:508][952]LogMaterial: 0.000207 seconds spent updating 1 materials, 1 interfaces, 0 instances, 0 with static permutations.
[2015.10.09-12.25.21:560][952]LogMaterial: Missing cached shader map for material FMatExpressionPreview MaterialExpressionConstant3Vector_0, compiling. 
[2015.10.09-12.25.21:568][952]LogMaterial: Missing cached shader map for material FMatExpressionPreview MaterialExpressionConstant3Vector_1, compiling. 
[2015.10.09-12.25.21:580][952]LogMaterial: Missing cached shader map for material FMatExpressionPreview MaterialExpressionAtmosphericFogColor_0, compiling. 
[2015.10.09-12.25.28:174][ 15]LogMaterial: Missing cached shader map for material ShaderMaterialMesh, compiling. 
[2015.10.09-12.25.28:199][ 15]LogMaterial: 0.000202 seconds spent updating 1 materials, 1 interfaces, 0 instances, 0 with static permutations.
[2015.10.09-12.25.28:234][ 15]LogMaterial: Missing cached shader map for material FMatExpressionPreview MaterialExpressionConstant3Vector_0, compiling. 
[2015.10.09-12.25.28:256][ 15]LogMaterial: Missing cached shader map for material FMatExpressionPreview MaterialExpressionConstant3Vector_1, compiling. 
[2015.10.09-12.25.28:267][ 15]LogMaterial: Missing cached shader map for material FMatExpressionPreview MaterialExpressionAtmosphericFogColor_0, compiling. 
[2015.10.09-12.25.56:106][281]MaterialEditorStats: Info Base pass shader with only dynamic lighting: 465 instructions
[2015.10.09-12.25.56:106][281]MaterialEditorStats: Info Vertex shader: 31 instructions
[2015.10.09-12.25.56:106][281]MaterialEditorStats: Info Texture samplers: 1/16
[2015.10.09-12.26.37:086][749]LogMaterialEditor: Saving and Compiling material ShaderMaterialMesh
[2015.10.09-12.26.40:264][749]LogMaterial: Missing cached shader map for material ShaderMaterialMesh, compiling. 
[2015.10.09-12.26.40:372][749]LogMaterial: 0.000437 seconds spent updating 1 materials, 1 interfaces, 0 instances, 0 with static permutations.
[2015.10.09-12.26.40:523][749]LogMaterial: Missing cached shader map for material ShaderMaterialMesh, compiling. 
[2015.10.09-12.26.40:657][749]LogMaterial: Missing cached shader map for material ShaderMaterialMesh, compiling. 
[2015.10.09-12.26.40:690][749]LogMaterial: 0.002071 seconds spent updating 1 materials, 1 interfaces, 0 instances, 0 with static permutations.
[2015.10.09-12.27.00:657][749]Cmd: OBJ SAVEPACKAGE PACKAGE="/Game/ShaderMaterialMesh" FILE="../../../../../../Users/RonThomas/Documents/Unreal Projects/Toe/Content/ShaderMaterialMesh.uasset" SILENT=true
[2015.10.09-12.27.00:706][749]LogSavePackage: Save=42.008720ms
[2015.10.09-12.27.00:706][749]LogSavePackage: Moving '../../../../../../Users/RonThomas/Documents/Unreal Projects/Toe/Saved/ShaderMaterialMesh8040380F4E4890BC2A996980F3C13CB4.tmp' to '../../../../../../Users/RonThomas/Documents/Unreal Projects/Toe/Content/ShaderMaterialMesh.uasset'
[2015.10.09-12.27.00:741][749]LogSavePackage: Total save time: 77.647980ms
[2015.10.09-12.27.00:741][749]LogSavePackage:Warning: Finished SavePackage ../../../../../../Users/RonThomas/Documents/Unreal Projects/Toe/Content/ShaderMaterialMesh.uasset
[2015.10.09-12.27.00:936][749]MaterialEditorStats: Info Base pass shader with only dynamic lighting: 494 instructions
[2015.10.09-12.27.00:936][749]MaterialEditorStats: Info Vertex shader: 31 instructions
[2015.10.09-12.27.00:936][749]MaterialEditorStats: Info Texture samplers: 4/16
[2015.10.09-12.27.06:925][811]LogEditorViewport: Clicking Background
[2015.10.09-12.27.10:455][845]LogMaterial:Warning: Material /Game/ShaderMaterialMesh.ShaderMaterialMesh needed to have new flag set bUsedWithStaticLighting !
[2015.10.09-12.27.10:463][845]LogMaterial:Warning: Material /Engine/Transient.ShaderMaterialMesh needed to have new flag set bUsedWithStaticLighting !
[2015.10.09-12.27.10:470][845]LogMaterial: Missing cached shader map for material ShaderMaterialMesh, compiling. 
[2015.10.09-12.27.10:496][845]LogMaterial: 0.000418 seconds spent updating 1 materials, 1 interfaces, 0 instances, 0 with static permutations.
[2015.10.09-12.27.10:502][845]LogMaterial: Missing cached shader map for material ShaderMaterialMesh, compiling. 
[2015.10.09-12.27.10:574][845]LogMaterial: 0.000374 seconds spent updating 1 materials, 1 interfaces, 0 instances, 0 with static permutations.
[2015.10.09-12.27.18:975][  8]LogMaterial:Warning: Material /Game/NewMaterialMesh1.NewMaterialMesh1 needed to have new flag set bUsedWithStaticLighting !
[2015.10.09-12.27.19:019][  8]LogMaterial: Missing cached shader map for material NewMaterialMesh1, compiling. 
[2015.10.09-12.27.19:063][  8]LogMaterial: 0.000356 seconds spent updating 1 materials, 1 interfaces, 0 instances, 0 with static permutations.
[2015.10.09-12.27.24:996][126]Cmd: TRANSACTION UNDO
[2015.10.09-12.27.24:996][126]LogEditorTransaction: Undo Create Actors
[2015.10.09-12.27.25:279][126]LogMaterial: Missing cached shader map for material ShaderMaterialMesh, compiling. 
[2015.10.09-12.27.25:308][126]LogMaterial: 0.000324 seconds spent updating 1 materials, 1 interfaces, 0 instances, 0 with static permutations.
[2015.10.09-12.27.25:342][126]LogMaterial: Missing cached shader map for material FMatExpressionPreview MaterialExpressionConstant3Vector_0, compiling. 
[2015.10.09-12.27.25:353][126]LogMaterial: Missing cached shader map for material FMatExpressionPreview MaterialExpressionConstant3Vector_1, compiling. 
[2015.10.09-12.27.25:368][126]LogMaterial: Missing cached shader map for material FMatExpressionPreview MaterialExpressionAtmosphericFogColor_0, compiling. 
[2015.10.09-12.27.26:337][150]Cmd: TRANSACTION UNDO
[2015.10.09-12.27.26:337][150]LogEditorTransaction: Undo Create Actors
[2015.10.09-12.27.26:577][150]LogMaterial: Missing cached shader map for material ShaderMaterialMesh, compiling. 
[2015.10.09-12.27.26:604][150]LogMaterial: 0.000172 seconds spent updating 1 materials, 1 interfaces, 0 instances, 0 with static permutations.
[2015.10.09-12.27.26:634][150]LogMaterial: Missing cached shader map for material FMatExpressionPreview MaterialExpressionConstant3Vector_0, compiling. 
[2015.10.09-12.27.26:646][150]LogMaterial: Missing cached shader map for material FMatExpressionPreview MaterialExpressionConstant3Vector_1, compiling. 
[2015.10.09-12.27.26:656][150]LogMaterial: Missing cached shader map for material FMatExpressionPreview MaterialExpressionAtmosphericFogColor_0, compiling. 
[2015.10.09-12.27.52:907][439]MaterialEditorStats: Info Base pass shader with static lighting: 496 instructions
[2015.10.09-12.27.52:907][439]MaterialEditorStats: Info Base pass shader with only dynamic lighting: 465 instructions
[2015.10.09-12.27.52:907][439]MaterialEditorStats: Info Vertex shader: 31 instructions
[2015.10.09-12.27.52:907][439]MaterialEditorStats: Info Texture samplers: 3/16
[2015.10.09-12.29.28:802][945]Cmd: OBJ SAVEPACKAGE PACKAGE="/Game/Toe" FILE="../../../../../../Users/RonThomas/Documents/Unreal Projects/Toe/Saved/Autosaves/Game/Toe_Auto1.umap" SILENT=true AUTOSAVING=true KEEPDIRTY=false
[2015.10.09-12.29.29:006][945]LogSavePackage: Save=154.484024ms
[2015.10.09-12.29.29:007][945]LogSavePackage: Moving '../../../../../../Users/RonThomas/Documents/Unreal Projects/Toe/Saved/Toe_Auto130D870AF403C9A2379390BB34595D0C2.tmp' to '../../../../../../Users/RonThomas/Documents/Unreal Projects/Toe/Saved/Autosaves/Game/Toe_Auto1.umap'
[2015.10.09-12.29.29:017][945]LogSavePackage: Total save time: 209.602457ms
[2015.10.09-12.29.29:017][945]LogSavePackage:Warning: Finished SavePackage ../../../../../../Users/RonThomas/Documents/Unreal Projects/Toe/Saved/Autosaves/Game/Toe_Auto1.umap
[2015.10.09-12.29.29:023][945]LogFileHelpers: Editor autosave (incl. sublevels) for '/Game/Toe' took 0.289
[2015.10.09-12.29.29:023][945]LogFileHelpers: Editor autosave (incl. sublevels) for all levels took 0.289
[2015.10.09-12.29.29:039][945]OBJ SavePackage: Generating thumbnails for [0] asset(s) in package [/Game/ShaderMaterialMesh] ([1] browsable assets)...
[2015.10.09-12.29.29:040][945]OBJ SavePackage: Finished generating thumbnails for package [/Game/ShaderMaterialMesh]
[2015.10.09-12.29.29:146][945]LogSavePackage: Save=44.928665ms
[2015.10.09-12.29.29:146][945]LogSavePackage: Moving '../../../../../../Users/RonThomas/Documents/Unreal Projects/Toe/Saved/ShaderMaterialMesh_Auto1AB4005594F83EA55A88CAFBF9E6CA3DD.tmp' to '../../../../../../Users/RonThomas/Documents/Unreal Projects/Toe/Saved/Autosaves/Game/ShaderMaterialMesh_Auto1.uasset'
[2015.10.09-12.29.29:153][945]LogSavePackage: Total save time: 107.254870ms
[2015.10.09-12.29.29:153][945]LogSavePackage:Warning: Finished SavePackage ../../../../../../Users/RonThomas/Documents/Unreal Projects/Toe/Saved/Autosaves/Game/ShaderMaterialMesh_Auto1.uasset
[2015.10.09-12.29.29:161][945]OBJ SavePackage: Generating thumbnails for [1] asset(s) in package [/Game/NewMaterialMesh1] ([1] browsable assets)...
[2015.10.09-12.29.29:347][945]OBJ SavePackage:     Rendered thumbnail for [Material /Game/NewMaterialMesh1.NewMaterialMesh1]
[2015.10.09-12.29.29:347][945]OBJ SavePackage: Finished generating thumbnails for package [/Game/NewMaterialMesh1]
[2015.10.09-12.29.29:350][945]Cmd: OBJ SAVEPACKAGE PACKAGE="/Game/NewMaterialMesh1" FILE="../../../../../../Users/RonThomas/Documents/Unreal Projects/Toe/Saved/Autosaves/Game/NewMaterialMesh1_Auto1.uasset" SILENT=false AUTOSAVING=true
[2015.10.09-12.29.29:613][945]LogSavePackage: Save=79.950912ms
[2015.10.09-12.29.29:613][945]LogSavePackage: Moving '../../../../../../Users/RonThomas/Documents/Unreal Projects/Toe/Saved/NewMaterialMesh1_Auto1A7DC3B27476E21718C48B596B4C165D0.tmp' to '../../../../../../Users/RonThomas/Documents/Unreal Projects/Toe/Saved/Autosaves/Game/NewMaterialMesh1_Auto1.uasset'
[2015.10.09-12.29.29:618][945]LogSavePackage: Total save time: 262.564022ms
[2015.10.09-12.29.29:618][945]LogSavePackage:Warning: Finished SavePackage ../../../../../../Users/RonThomas/Documents/Unreal Projects/Toe/Saved/Autosaves/Game/NewMaterialMesh1_Auto1.uasset
[2015.10.09-12.29.29:618][945]LogFileHelpers: Auto-saving content packages took 0.586
[2015.10.09-13.23.37:943][700]LogEditorViewport: Clicking on Actor (LMB): StaticMeshActor (Carbon2)
[2015.10.09-13.23.44:536][776]LogEditorViewport: Clicking on Actor (LMB): StaticMeshActor (Oxygen)
[2015.10.09-13.23.57:227][924]Cmd: OBJ SAVEPACKAGE PACKAGE="/Game/Toe" FILE="../../../../../../Users/RonThomas/Documents/Unreal Projects/Toe/Content/Toe.umap" SILENT=true AUTOSAVING=false KEEPDIRTY=false
[2015.10.09-13.23.57:542][924]LogSavePackage: Save=213.856583ms
[2015.10.09-13.23.57:542][924]LogSavePackage: Moving '../../../../../../Users/RonThomas/Documents/Unreal Projects/Toe/Saved/Toe60C7BF7E41A5B53001A172B81159163E.tmp' to '../../../../../../Users/RonThomas/Documents/Unreal Projects/Toe/Content/Toe.umap'
[2015.10.09-13.23.57:558][924]LogSavePackage: Total save time: 263.646115ms
[2015.10.09-13.23.57:558][924]LogSavePackage:Warning: Finished SavePackage ../../../../../../Users/RonThomas/Documents/Unreal Projects/Toe/Content/Toe.umap
[2015.10.09-13.23.57:725][924]LogFileHelpers: Saving map 'Toe' took 0.746
[20