[2015.10.05-14.44.38:747][  0]Log file open, 10/05/15 10:44:38
[2015.10.05-14.44.38:747][  0]LogInit:Display: Running engine for game: Toe
[2015.10.05-14.44.38:747][  0]LogInit:Display: RandInit(1776034687) SRandInit(1776034687).
[2015.10.05-14.44.38:747][  0]LogTaskGraph: Started task graph with 4 named threads and 7 total threads.
[2015.10.05-14.44.38:747][  0]LogStats: Stats thread started at 0.302751
[2015.10.05-14.44.38:747][  0]LogInit: Version: 4.9.2-2707645+++depot+UE4-Releases+4.9
[2015.10.05-14.44.38:747][  0]LogInit: API Version: 2672455
[2015.10.05-14.44.38:747][  0]LogInit: Compiled (64-bit): Sep 28 2015 10:25:44
[2015.10.05-14.44.38:747][  0]LogInit: Compiled with Visual C++: 18.00.21005.01
[2015.10.05-14.44.38:747][  0]LogInit: Build Configuration: Development
[2015.10.05-14.44.38:747][  0]LogInit: Branch Name: ++depot+UE4-Releases+4.9
[2015.10.05-14.44.38:747][  0]LogInit: Command line: 
[2015.10.05-14.44.38:747][  0]LogInit: Base directory: C:/Program Files/Epic Games/4.9/Engine/Binaries/Win64/
[2015.10.05-14.44.38:747][  0]LogInit: Rocket: 1
[2015.10.05-14.44.38:824][  0]LogInit: Using libcurl 7.41.0
[2015.10.05-14.44.38:824][  0]LogInit:  - built for x86_64-pc-win32
[2015.10.05-14.44.38:824][  0]LogInit:  - supports SSL with WinSSL
[2015.10.05-14.44.38:824][  0]LogInit:  - other features:
[2015.10.05-14.44.38:824][  0]LogInit:      CURL_VERSION_SSL
[2015.10.05-14.44.38:824][  0]LogInit:      CURL_VERSION_IPV6
[2015.10.05-14.44.38:824][  0]LogInit:      CURL_VERSION_ASYNCHDNS
[2015.10.05-14.44.38:824][  0]LogInit:      CURL_VERSION_LARGEFILE
[2015.10.05-14.44.38:824][  0]LogInit:      CURL_VERSION_IDN
[2015.10.05-14.44.38:825][  0]LogInit:  CurlRequestOptions (configurable via config and command line):
[2015.10.05-14.44.38:825][  0]LogInit:  - bVerifyPeer = true  - Libcurl will verify peer certificate
[2015.10.05-14.44.38:825][  0]LogInit:  - bUseHttpProxy = false  - Libcurl will NOT use HTTP proxy
[2015.10.05-14.44.38:825][  0]LogInit:  - bDontReuseConnections = false  - Libcurl will reuse connections
[2015.10.05-14.44.38:825][  0]LogInit:  - CertBundlePath = nullptr  - Libcurl will use whatever was configured at build time.
[2015.10.05-14.44.38:939][  0]LogInit: Presizing for 0 objects not considered by GC, pre-allocating 0 bytes.
[2015.10.05-14.44.38:972][  0]LogInit: Object subsystem initialized
[2015.10.05-14.44.38:978][  0]LogInit: Selected Device Profile: [Windows]
[2015.10.05-14.44.38:978][  0]LogInit: Applying CVar settings loaded from the selected device profile: [Windows]
[2015.10.05-14.44.39:043][  0]LogInit: Computer: DESKTOP-1K4CAMJ
[2015.10.05-14.44.39:043][  0]LogInit: User: RonThomas
[2015.10.05-14.44.39:043][  0]LogInit: CPU Page size=4096, Cores=4
[2015.10.05-14.44.39:043][  0]LogInit: High frequency timer resolution =2.046952 MHz
[2015.10.05-14.44.39:043][  0]LogMemory: Memory total: Physical=7.2GB (8GB approx)
[2015.10.05-14.44.39:043][  0]LogMemory: Platform Memory Stats for Windows
[2015.10.05-14.44.39:043][  0]LogMemory: Process Physical Memory: 53.43 MB used, 53.43 MB peak
[2015.10.05-14.44.39:043][  0]LogMemory: Process Virtual Memory: 57.18 MB used, 57.18 MB peak
[2015.10.05-14.44.39:043][  0]LogMemory: Physical Memory: 3160.13 MB used, 7364.69 MB total
[2015.10.05-14.44.39:043][  0]LogMemory: Virtual Memory: 366.93 MB used, 134217728.00 MB total
[2015.10.05-14.44.39:635][  0]LogTextLocalizationManager: No specific translations for ('en-US') exist, so ('en') translations will be used.
[2015.10.05-14.44.42:372][  0]LogD3D11RHI: Found D3D11 adapter 0: AMD Radeon(TM) HD 8610G (Feature Level 11_0)
[2015.10.05-14.44.42:372][  0]LogD3D11RHI: Adapter has 750MB of dedicated video memory, 0MB of dedicated system memory, and 3456MB of shared system memory, 1 output[s]
[2015.10.05-14.44.42:383][  0]LogD3D11RHI: Found D3D11 adapter 1: Microsoft Basic Render Driver (Feature Level 11_0)
[2015.10.05-14.44.42:383][  0]LogD3D11RHI: Adapter has 0MB of dedicated video memory, 0MB of dedicated system memory, and 3682MB of shared system memory, 0 output[s]
[2015.10.05-14.44.42:383][  0]LogD3D11RHI: Chosen D3D11 Adapter Id = 0
[2015.10.05-14.44.42:403][  0]LogD3D11RHI: !Direct3DDevice
[2015.10.05-14.44.42:403][  0]LogRHI: Texture pool is 525 MB (70% of 750 MB)
[2015.10.05-14.44.42:431][  0]LogD3D11RHI: Async texture creation disabled: no driver support
[2015.10.05-14.44.42:456][  0]LogShaderCompilers: Guid format shader working directory is 15 characters bigger than the processId version (../../../../../../Users/RonThomas/Documents/Unreal Projects/Toe/Intermediate/Shaders/WorkingDirectory/5696/).
[2015.10.05-14.44.42:456][  0]LogShaderCompilers: Cleaned the shader compiler working directory '../../../../../../Users/RonThomas/Documents/Unreal Projects/Toe/Intermediate/Shaders/tmp/D17BCE7C48AEDEE0A95D3690FE9C077C/'.
[2015.10.05-14.44.42:456][  0]LogShaderCompilers:Display: Using Local Shader Compiler.
[2015.10.05-14.44.54:880][  0]LogTemp:Display: Loaded TP AllDesktopTargetPlatform
[2015.10.05-14.44.54:901][  0]LogTemp:Display: Loaded TP WindowsClientTargetPlatform
[2015.10.05-14.44.54:920][  0]LogTemp:Display: Loaded TP WindowsNoEditorTargetPlatform
[2015.10.05-14.44.54:947][  0]LogTemp:Display: Loaded TP WindowsServerTargetPlatform
[2015.10.05-14.44.54:966][  0]LogTemp:Display: Loaded TP WindowsTargetPlatform
[2015.10.05-14.44.54:990][  0]LogTemp:Display: Loaded TP AndroidTargetPlatform
[2015.10.05-14.44.55:008][  0]LogTemp:Display: Loaded TP Android_ASTCTargetPlatform
[2015.10.05-14.44.55:022][  0]LogTemp:Display: Loaded TP Android_ATCTargetPlatform
[2015.10.05-14.44.55:040][  0]LogTemp:Display: Loaded TP Android_DXTTargetPlatform
[2015.10.05-14.44.55:058][  0]LogTemp:Display: Loaded TP Android_ETC1TargetPlatform
[2015.10.05-14.44.55:076][  0]LogTemp:Display: Loaded TP Android_ETC2TargetPlatform
[2015.10.05-14.44.55:092][  0]LogTemp:Display: Loaded TP Android_PVRTCTargetPlatform
[2015.10.05-14.44.55:094][  0]LogTemp:Display: Loaded TP HTML5TargetPlatform
[2015.10.05-14.44.55:207][  0]LogTemp:Display: Loaded TP IOSTargetPlatform
[2015.10.05-14.44.55:227][  0]LogTemp:Display: Loaded TP LinuxNoEditorTargetPlatform
[2015.10.05-14.44.55:237][  0]LogTemp:Display: Loaded TP LinuxServerTargetPlatform
[2015.10.05-14.44.55:262][  0]LogTemp:Display: Loaded TP LinuxTargetPlatform
[2015.10.05-14.44.55:262][  0]LogTargetPlatformManager:Display: Building Assets For Windows
[2015.10.05-14.44.56:261][  0]LogDerivedDataCache:Display: Max Cache Size: 512 MB
[2015.10.05-14.44.56:518][  0]LogDerivedDataCache: Loaded boot cache 0.26s 41MB C:/Users/RonThomas/AppData/Local/UnrealEngine/4.9/DerivedDataCache/Boot.ddc.
[2015.10.05-14.44.56:519][  0]LogDerivedDataCache:Display: Loaded Boot cache: C:/Users/RonThomas/AppData/Local/UnrealEngine/4.9/DerivedDataCache/Boot.ddc
[2015.10.05-14.44.56:519][  0]LogDerivedDataCache: FDerivedDataBackendGraph:  Pak pak cache file ../../../../../../Users/RonThomas/Documents/Unreal Projects/Toe/DerivedDataCache/DDC.ddp not found, will not use a pak cache.
[2015.10.05-14.44.56:519][  0]LogDerivedDataCache: Unable to find inner node Pak for hierarchical cache Hierarchy.
[2015.10.05-14.44.56:519][  0]LogDerivedDataCache: FDerivedDataBackendGraph:  CompressedPak pak cache file ../../../../../../Users/RonThomas/Documents/Unreal Projects/Toe/DerivedDataCache/Compressed.ddp not found, will not use a pak cache.
[2015.10.05-14.44.56:519][  0]LogDerivedDataCache: Unable to find inner node CompressedPak for hierarchical cache Hierarchy.
[2015.10.05-14.44.57:149][  0]LogDerivedDataCache:Display: Pak cache opened for reading ../../../Engine/DerivedDataCache/Compressed.ddp.
[2015.10.05-14.44.57:173][  0]LogDerivedDataCache: Using Local data cache path C:/Users/RonThomas/AppData/Local/UnrealEngine/Common/DerivedDataCache: Writable
[2015.10.05-14.45.05:928][  0]LogInit: Selected Device Profile: [Windows]
[2015.10.05-14.45.05:941][  0]LogContentStreaming: Texture pool size is 0.000000MB
[2015.10.05-14.45.06:545][  0]LogMeshUtilities: No automatic mesh reduction module available
[2015.10.05-14.45.06:545][  0]LogMeshUtilities: No automatic mesh merging module available
[2015.10.05-14.45.08:393][  0]LogInit: WinSock: version 1.1 (2.2), MaxSocks=32767, MaxUdp=65467
[2015.10.05-14.45.14:477][  0]UdpMessaging: Initializing bridge on interface 0.0.0.0:0 to multicast group 230.0.0.1:6666.
[2015.10.05-14.45.14:724][  0]LogAssetRegistry: FAssetRegistry took 0.0114 seconds to start up
[2015.10.05-14.45.15:648][  0]SourceControl: Info Source control is disabled
[2015.10.05-14.45.15:801][  0]SourceControl: Info Source control is disabled
[2015.10.05-14.45.15:841][  0]SourceControl: Info Source control is disabled
[2015.10.05-14.45.15:887][  0]SourceControl: Info Source control is disabled
[2015.10.05-14.45.16:622][  0]LogLinker:Warning: Asset '../../../Engine/Plugins/Runtime/LeapMotionController/Content/LM_PassthroughMaterial.uasset' has been saved with empty engine version. The asset will be loaded but may be incompatible.
[2015.10.05-14.45.17:024][  0]LogObj: 28361 objects as part of root set at end of initial load.
[2015.10.05-14.45.17:024][  0]LogUObjectAllocator: 6038872 out of 0 bytes used by permanent object pool.
[2015.10.05-14.45.17:287][  0]LogEngine: Initializing Engine...
[2015.10.05-14.45.17:296][  0]LogHMD: Can't find Oculus library dev build: is proper Runtime installed? Version: 0.7.0.0
[2015.10.05-14.45.17:335][  0]LogHMD: SteamVR failed to initialize.  Err: 110
[2015.10.05-14.45.18:165][  0]LogAIModule: Creating AISystem for world NewWorld
[2015.10.05-14.45.18:184][  0]LogInit: XAudio2 using 'Speaker/HP (Realtek High Definition Audio)' : 2 channels at 48 kHz using 32 bits per sample (channel mask 0x3)
[2015.10.05-14.45.18:304][  0]LogInit: FAudioDevice initialized.
[2015.10.05-14.45.18:459][  0]LogDerivedDataCache: Saved boot cache 0.16s 41MB C:/Users/RonThomas/AppData/Local/UnrealEngine/4.9/DerivedDataCache/Boot.ddc.
[2015.10.05-14.45.18:498][  0]LogInit: Texture streaming: Enabled
[2015.10.05-14.45.18:526][  0]LogAnalytics: Creating configured Analytics provider AnalyticsET
[2015.10.05-14.45.18:526][  0]LogAnalytics: [UEEditor.Rocket.Release] APIServer = http://et2.epicgames.com/ET2/. AppVersion = 4.9.2-2707645+++depot+UE4-Releases+4.9
[2015.10.05-14.45.18:526][  0]LogAnalytics: [UEEditor.Rocket.Release] SetUserId a96f2b3043d68c490b6e1ab24f8670c7|ccacbc3dbf8c49408cc1f0d5fe741570|7fd7e3ec-a435-42e9-8c73-ddfdefdc7c42
[2015.10.05-14.45.18:526][  0]LogAnalytics: [UEEditor.Rocket.Release] AnalyticsET::StartSession
[2015.10.05-14.45.18:715][  0]LogInit: Transaction tracking system initialized
[2015.10.05-14.45.18:875][  0]BlueprintLog: New page: Editor Load
[2015.10.05-14.45.19:378][  0]LocalizationService: Info Localization service is disabled
[2015.10.05-14.45.19:798][  0]LogConsoleResponse:Display: 
[2015.10.05-14.45.21:011][  0]LogCook:Display: Done creating registry. It took  0.00s.
[2015.10.05-14.45.21:366][  0]LogFileCache: Scanning file cache for directory 'C:/Users/RonThomas/Documents/Unreal Projects/Toe/Content/' took 0.03s
[2015.10.05-14.45.21:366][  0]SourceControl: Info Source control is disabled
[2015.10.05-14.45.21:367][  0]Cmd: MAP LOAD FILE="../../../../../../Users/RonThomas/Documents/Unreal Projects/Toe/Content/StarterContent/Maps/Minimal_Default.umap" TEMPLATE=0 SHOWPROGRESS=1 FEATURELEVEL=3
[2015.10.05-14.45.21:378][  0]LightingResults: New page: Lighting Build
[2015.10.05-14.45.21:395][  0]MapCheck: New page: Map Check
[2015.10.05-14.45.21:395][  0]LightingResults: New page: Lighting Build
[2015.10.05-14.45.21:447][  0]LogParticles: Destroying 0 GPU particle simulations for FXSystem 0x000000EE21956160
[2015.10.05-14.45.24:390][  0]LogAIModule: Creating AISystem for world Minimal_Default
[2015.10.05-14.45.24:436][  0]LogEditorServer: Finished looking for orphan Actors (0.000 secs)
[2015.10.05-14.45.24:437][  0]Cmd: MAP CHECKDEP NOCLEARLOG
[2015.10.05-14.45.24:913][  0]MapCheck: Info Map check complete: 0 Error(s), 0 Warning(s), took 474.974ms to complete.
[2015.10.05-14.45.24:914][  0]LogFileHelpers: Loading map 'Minimal_Default' took 3.548
[2015.10.05-14.45.25:321][  0]LogCollectionManager: L